INFO: [20/Apr/2018 15:20:26] save_result.py "Save to mysql successful ... ,我省四套领导班子参观海南建省办经济特区30周年成就展,2018-04-20,海南省博物馆"
INFO: [20/Apr/2018 15:20:26] save_result.py "Save to mysql successful ... ,习近平总书记参观海南省博物馆,2018-04-20,海南省博物馆"
INFO: [20/Apr/2018 15:20:26] save_result.py "Save to mysql successful ... ,闭馆公告,2018-04-20,海南省博物馆"
INFO: [20/Apr/2018 15:20:26] save_result.py "Save to mysql successful ... ,我馆党支部组织党员活动,2018-04-20,海南省博物馆"
INFO: [20/Apr/2018 15:20:26] save_result.py "Save to mysql successful ... ,文化海南年｜春节7天，海南省博物馆观众参观量近6万,2018-04-20,海南省博物馆"
INFO: [20/Apr/2018 15:20:27] save_result.py "Save to mysql successful ... ,“庆祝海南建省办经济特区30周年暨2018年迎新春特展”开幕式在海南省博物馆历史馆举办,2018-04-20,海南省博物馆"
INFO: [20/Apr/2018 15:20:27] save_result.py "Save to mysql successful ... ,“辞旧迎新——清代宫廷过大年”讲座圆满举办,2018-04-20,海南省博物馆"
INFO: [20/Apr/2018 15:20:28] save_result.py "Save to mysql successful ... ,讲座预告——故宫博物院院长跟您说皇宫过年,2018-04-20,海南省博物馆"
INFO: [20/Apr/2018 15:20:28] save_result.py "Save to mysql successful ... ,海南省博物馆2017年度优秀职工表彰大会,2018-04-20,海南省博物馆"
INFO: [20/Apr/2018 15:20:28] save_result.py "Save to mysql successful ... ,海南省博物馆今日全面对外开放,2018-04-20,海南省博物馆"
INFO: [20/Apr/2018 15:20:28] save_result.py "Save to mysql successful ... ,海南省博物馆历史馆即将正式开放,2018-04-20,海南省博物馆"
INFO: [20/Apr/2018 15:20:29] save_result.py "Save to mysql successful ... ,海南省博物馆举办2017年度考评大会,2018-04-20,海南省博物馆"
INFO: [20/Apr/2018 15:20:29] save_result.py "Save to mysql successful ... ,“来自甘南拉卜楞的精美唐卡”展 在我馆展出,2018-04-20,海南省博物馆"
INFO: [20/Apr/2018 15:20:30] save_result.py "Save to mysql successful ... ,丁晖厅长元旦慰问省博物馆一线职工,2018-04-20,海南省博物馆"
INFO: [20/Apr/2018 15:20:30] save_result.py "Save to mysql successful ... ,第三届海上丝绸之路文化遗产保护国际论坛博鳌开幕,2018-04-20,海南省博物馆"
INFO: [20/Apr/2018 15:20:30] save_result.py "Save to mysql successful ... ,瑞典瓦萨沉船博物馆原馆长、高级顾问玛格纳斯·奥陆夫松先生访问海南省博物馆,2018-04-20,海南省博物馆"
INFO: [20/Apr/2018 15:20:30] save_result.py "Save to mysql successful ... ,海南省博物馆开展党支部工会系列活动,2018-04-20,海南省博物馆"
INFO: [20/Apr/2018 15:20:31] save_result.py "Save to mysql successful ... ,海南省博物馆攀丹荔枝园落成开园,2018-04-20,海南省博物馆"
INFO: [20/Apr/2018 15:20:31] save_result.py "Save to mysql successful ... ,我馆与海南师范大学共建思想政治理论课校外教学实践基地,2018-04-20,海南省博物馆"
INFO: [20/Apr/2018 15:20:31] save_result.py "Save to mysql successful ... ,“119”消防安全日我馆举办消防演习活动,2018-04-20,海南省博物馆"
INFO: [20/Apr/2018 15:20:31] save_result.py "Save to mysql successful ... ,千年青花焕发科技新活力—— “青出于蓝”特展11月5日在海南省博物馆开幕,2018-04-20,海南省博物馆"
INFO: [20/Apr/2018 15:20:32] save_result.py "Save to mysql successful ... ,海南省博物馆中秋之夜特别活动超两万游客参与,2018-04-20,海南省博物馆"
INFO: [20/Apr/2018 15:20:32] save_result.py "Save to mysql successful ... ,海南省博物馆开展第一批消防知识操作技能培训,2018-04-20,海南省博物馆"
INFO: [20/Apr/2018 15:20:32] save_result.py "Save to mysql successful ... ,国家文物局刘玉珠局长一行调研海南省博物馆,2018-04-20,海南省博物馆"
INFO: [20/Apr/2018 15:20:33] save_result.py "Save to mysql successful ... ,国家文物局督查组到我馆开展全国安全状况大排查行动,2018-04-20,海南省博物馆"
